2021-07-11 01:27:43 Error: [MissingActionException] Action PagesController::display() could not be found.
Exception Attributes: array (
  'controller' => 'PagesController',
  'action' => 'display',
)
Request URL: /
Stack Trace:
#0 /var/www/html/lib/Cake/Routing/Dispatcher.php(193): Controller->invokeAction(Object(CakeRequest))
#1 /var/www/html/lib/Cake/Routing/Dispatcher.php(167): Dispatcher->_invoke(Object(PagesController), Object(CakeRequest))
#2 /var/www/html/app/webroot/index.php(117): Dispatcher->dispatch(Object(CakeRequest), Object(CakeResponse))
#3 /var/www/html/index.php(41): require('/var/www/html/a...')
#4 {main}
2021-07-11 08:59:19 Error: [MissingActionException] Action PostsController::view() could not be found.
Exception Attributes: array (
  'controller' => 'PostsController',
  'action' => 'view',
)
Request URL: /posts/view/1
Stack Trace:
#0 /var/www/html/lib/Cake/Routing/Dispatcher.php(193): Controller->invokeAction(Object(CakeRequest))
#1 /var/www/html/lib/Cake/Routing/Dispatcher.php(167): Dispatcher->_invoke(Object(PostsController), Object(CakeRequest))
#2 /var/www/html/app/webroot/index.php(117): Dispatcher->dispatch(Object(CakeRequest), Object(CakeResponse))
#3 {main}
